<?xml version="1.0" encoding="UTF-8"?>
<!-- Generated by org.testng.reporters.JUnitReportReporter -->
<testsuite hostname="DESKTOP-VO5NPC4" failures="0" tests="1" name="test.ValidateUserNameProperty" time="18.809" errors="0" timestamp="2023-07-01T15:09:35 IST" skipped="0">
  <testcase classname="test.ValidateUserNameProperty" name="validateUserName" time="18.809">
    <system-out>
      <![CDATA[Test validateUserName execution started.
reading data UNfrom propertyFile
Waiting for 2000Milliseconds.
Getting actualUserName.
ScreenShot is stored in location : D:\Software Testing\Automation\Selenium\ScreenShot\Screenshot\Sanghshil Somkuwar PB_TC2580.png
Taking Screenshot.
Waiting for 2000Milliseconds.
This validateUserName method completed successfully]]>
    </system-out>
  </testcase> <!-- validateUserName -->
  <system-out>
    <![CDATA[Waiting for 2000Milliseconds.
Launching Browser.
clicking on home page signInButton
Waiting for 2000Milliseconds.
reading data moNumfrom propertyFile
entering mobile number
clicking on signInWithPassword
Waiting for 2000Milliseconds.
reading data pswdfrom propertyFile
entring password
clicking on signInButton
Waiting for 2000Milliseconds.
clicking on myAccount Button
Waiting for 2000Milliseconds.
clicking on myProfile Button
Waiting for 2000Milliseconds.
Switching to childpage.
Waiting for 2000Milliseconds.
Test validateUserName execution started.
reading data UNfrom propertyFile
Waiting for 2000Milliseconds.
Getting actualUserName.
ScreenShot is stored in location : D:\Software Testing\Automation\Selenium\ScreenShot\Screenshot\Sanghshil Somkuwar PB_TC2580.png
Taking Screenshot.
Waiting for 2000Milliseconds.
This validateUserName method completed successfully
Logging out.
Waiting for 2000Milliseconds.
Waiting for 2000Milliseconds.
Closing Browser.]]>
  </system-out>
</testsuite> <!-- test.ValidateUserNameProperty -->
