<?xml version="1.0" encoding="UTF-8"?>
<!-- Generated by org.testng.reporters.JUnitReportReporter -->
<testsuite hostname="DESKTOP-VO5NPC4" failures="0" tests="1" name="test.NewTest" time="7.744" errors="0" timestamp="2023-07-01T14:26:47 IST" skipped="0">
  <testcase classname="test.NewTest" name="f" time="7.744"/>
</testsuite> <!-- test.NewTest -->
